<?xml version="1.0" encoding="UTF-8"?>
<!-- Generated by org.testng.reporters.JUnitReportReporter -->
<testsuite skipped="0" hostname="HP" name="com.crm.qa.testcases.ContactsPageTest" tests="3" failures="0" timestamp="16 Apr 2018 14:42:03 GMT" time="195.574" errors="0">
  <testcase name="verifycontactLabelTest" time="73.865" classname="com.crm.qa.testcases.ContactsPageTest"/>
  <testcase name="selectContactByNameTest" time="65.763" classname="com.crm.qa.testcases.ContactsPageTest"/>
  <testcase name="searchContactByLetterTest" time="55.946" classname="com.crm.qa.testcases.ContactsPageTest"/>
</testsuite> <!-- com.crm.qa.testcases.ContactsPageTest -->
