<?xml version="1.0" encoding="UTF-8"?>
<!-- Generated by org.testng.reporters.JUnitReportReporter -->
<testsuite skipped="0" hostname="HP" name="com.crm.qa.testcases.HomePageTest" tests="4" failures="0" timestamp="16 Apr 2018 14:42:03 GMT" time="318.303" errors="0">
  <testcase name="verifyHomePageTitleTest" time="45.211" classname="com.crm.qa.testcases.HomePageTest"/>
  <testcase name="verifyUsernameTest" time="92.819" classname="com.crm.qa.testcases.HomePageTest"/>
  <testcase name="verifycontactsLinkTest" time="72.406" classname="com.crm.qa.testcases.HomePageTest"/>
  <testcase name="verifylogoTest" time="107.867" classname="com.crm.qa.testcases.HomePageTest"/>
</testsuite> <!-- com.crm.qa.testcases.HomePageTest -->
