<?xml version="1.0" encoding="UTF-8"?>
<!-- Generated by org.testng.reporters.JUnitReportReporter -->
<testsuite skipped="0" hostname="HP" name="com.crm.qa.testcases.SignUpPageTest" tests="1" failures="0" timestamp="16 Apr 2018 14:42:03 GMT" time="145.795" errors="0">
  <testcase name="createNewAccountTest" time="145.795" classname="com.crm.qa.testcases.SignUpPageTest"/>
</testsuite> <!-- com.crm.qa.testcases.SignUpPageTest -->
