<?xml version="1.0" encoding="UTF-8"?>
<!-- Generated by org.testng.reporters.JUnitReportReporter -->
<testsuite skipped="0" hostname="HP" name="com.crm.qa.testcases.LoginPageTest" tests="5" failures="0" timestamp="16 Apr 2018 14:42:03 GMT" time="176.060" errors="0">
  <testcase name="loginPageTitleTest" time="23.979" classname="com.crm.qa.testcases.LoginPageTest"/>
  <testcase name="crmLogoTest" time="46.594" classname="com.crm.qa.testcases.LoginPageTest"/>
  <testcase name="SignUpBtnTest" time="23.744" classname="com.crm.qa.testcases.LoginPageTest"/>
  <testcase name="loginTest" time="55.615" classname="com.crm.qa.testcases.LoginPageTest"/>
  <testcase name="clickonSignupTest" time="26.128" classname="com.crm.qa.testcases.LoginPageTest"/>
</testsuite> <!-- com.crm.qa.testcases.LoginPageTest -->
